0 info it worked if it ends with ok
1 verbose cli [ 'D:\\node.js\\node.exe',
1 verbose cli   'D:\\node.js\\node_modules\\npm\\bin\\npm-cli.js',
1 verbose cli   'run',
1 verbose cli   'dev' ]
2 info using npm@2.15.1
3 info using node@v4.4.3
4 verbose run-script [ 'predev', 'dev', 'postdev' ]
5 info predev dlssbc@1.0.0
6 info dev dlssbc@1.0.0
7 verbose unsafe-perm in lifecycle true
8 info dlssbc@1.0.0 Failed to exec dev script
9 verbose stack Error: dlssbc@1.0.0 dev: `webpack-dev-server --inline --progress --config build/webpack.dev.conf.js`
9 verbose stack spawn C:\Windows\system32\cmd.exe; ENOENT
9 verbose stack     at exports._errnoException (util.js:870:11)
9 verbose stack     at Process.ChildProcess._handle.onexit (internal/child_process.js:178:32)
9 verbose stack     at onErrorNT (internal/child_process.js:344:16)
9 verbose stack     at nextTickCallbackWith2Args (node.js:442:9)
9 verbose stack     at process._tickCallback (node.js:356:17)
10 verbose pkgid dlssbc@1.0.0
11 verbose cwd D:\phpStudy\PHPTutorial\WWW\bc\Client
12 error Windows_NT 6.1.7601
13 error argv "D:\\node.js\\node.exe" "D:\\node.js\\node_modules\\npm\\bin\\npm-cli.js" "run" "dev"
14 error node v4.4.3
15 error npm  v2.15.1
16 error file C:\Windows\system32\cmd.exe;
17 error path C:\Windows\system32\cmd.exe;
18 error code ELIFECYCLE
19 error errno ENOENT
20 error syscall spawn C:\Windows\system32\cmd.exe;
21 error dlssbc@1.0.0 dev: `webpack-dev-server --inline --progress --config build/webpack.dev.conf.js`
21 error spawn C:\Windows\system32\cmd.exe; ENOENT
22 error Failed at the dlssbc@1.0.0 dev script 'webpack-dev-server --inline --progress --config build/webpack.dev.conf.js'.
22 error This is most likely a problem with the dlssbc package,
22 error not with npm itself.
22 error Tell the author that this fails on your system:
22 error     webpack-dev-server --inline --progress --config build/webpack.dev.conf.js
22 error You can get information on how to open an issue for this project with:
22 error     npm bugs dlssbc
22 error Or if that isn't available, you can get their info via:
22 error
22 error     npm owner ls dlssbc
22 error There is likely additional logging output above.
23 verbose exit [ 1, true ]
